TN:
SF:src\App.tsx
FN:25,App
FN:38,(anonymous_1)
FN:56,(anonymous_2)
FN:79,(anonymous_3)
FN:83,(anonymous_4)
FN:93,(anonymous_5)
FN:114,(anonymous_6)
FN:138,(anonymous_7)
FN:142,(anonymous_8)
FN:147,(anonymous_9)
FN:158,(anonymous_10)
FN:167,(anonymous_11)
FN:168,(anonymous_12)
FN:209,(anonymous_13)
FN:212,(anonymous_14)
FN:218,(anonymous_15)
FN:227,(anonymous_16)
FN:241,(anonymous_17)
FNF:18
FNH:11
FNDA:25,App
FNDA:6,(anonymous_1)
FNDA:0,(anonymous_2)
FNDA:0,(anonymous_3)
FNDA:0,(anonymous_4)
FNDA:0,(anonymous_5)
FNDA:0,(anonymous_6)
FNDA:0,(anonymous_7)
FNDA:0,(anonymous_8)
FNDA:6,(anonymous_9)
FNDA:4,(anonymous_10)
FNDA:25,(anonymous_11)
FNDA:1,(anonymous_12)
FNDA:25,(anonymous_13)
FNDA:25,(anonymous_14)
FNDA:25,(anonymous_15)
FNDA:4,(anonymous_16)
FNDA:13,(anonymous_17)
DA:26,25
DA:27,25
DA:28,25
DA:29,25
DA:30,25
DA:31,25
DA:32,25
DA:33,25
DA:35,25
DA:36,25
DA:38,25
DA:39,6
DA:40,6
DA:42,6
DA:43,0
DA:44,0
DA:45,0
DA:47,0
DA:50,6
DA:51,6
DA:52,6
DA:55,25
DA:57,0
DA:59,0
DA:60,0
DA:64,0
DA:67,0
DA:68,0
DA:69,0
DA:70,0
DA:72,0
DA:73,0
DA:74,0
DA:75,0
DA:77,0
DA:78,0
DA:79,0
DA:82,0
DA:83,0
DA:84,0
DA:88,0
DA:93,25
DA:94,0
DA:96,0
DA:97,0
DA:99,0
DA:100,0
DA:102,0
DA:103,0
DA:104,0
DA:108,0
DA:114,25
DA:115,0
DA:117,0
DA:118,0
DA:119,0
DA:122,0
DA:127,0
DA:128,0
DA:129,0
DA:131,0
DA:132,0
DA:133,0
DA:134,0
DA:136,0
DA:137,0
DA:138,0
DA:141,0
DA:142,0
DA:143,0
DA:147,25
DA:148,6
DA:149,6
DA:150,6
DA:151,6
DA:152,6
DA:153,6
DA:154,6
DA:155,6
DA:158,25
DA:159,4
DA:160,3
DA:161,1
DA:162,1
DA:163,1
DA:167,25
DA:168,25
DA:169,1
DA:171,1
DA:175,0
DA:176,0
DA:177,0
DA:181,0
DA:182,0
DA:183,0
DA:187,0
DA:188,0
DA:189,0
DA:193,0
DA:194,0
DA:195,0
DA:197,0
DA:198,0
DA:199,0
DA:202,1
DA:203,1
DA:204,1
DA:208,25
DA:209,25
DA:212,25
DA:213,25
DA:214,6
DA:218,25
DA:219,25
DA:220,12
DA:221,3
DA:222,3
DA:224,12
DA:227,13
DA:228,4
DA:229,4
DA:231,4
DA:232,0
DA:233,0
DA:236,4
DA:239,13
DA:241,13
DA:242,13
DA:243,13
DA:248,25
LF:130
LH:63
BRDA:39,0,0,6
BRDA:39,0,1,0
BRDA:42,1,0,0
BRDA:42,1,1,6
BRDA:44,2,0,0
BRDA:44,2,1,0
BRDA:44,3,0,0
BRDA:44,3,1,0
BRDA:57,4,0,0
BRDA:57,4,1,0
BRDA:57,5,0,0
BRDA:57,5,1,0
BRDA:59,6,0,0
BRDA:59,6,1,0
BRDA:67,7,0,0
BRDA:67,7,1,0
BRDA:72,8,0,0
BRDA:72,8,1,0
BRDA:94,9,0,0
BRDA:94,9,1,0
BRDA:94,10,0,0
BRDA:94,10,1,0
BRDA:99,11,0,0
BRDA:99,11,1,0
BRDA:103,12,0,0
BRDA:103,12,1,0
BRDA:115,13,0,0
BRDA:115,13,1,0
BRDA:115,14,0,0
BRDA:115,14,1,0
BRDA:131,15,0,0
BRDA:131,15,1,0
BRDA:159,16,0,3
BRDA:159,16,1,1
BRDA:161,17,0,1
BRDA:161,17,1,0
BRDA:169,18,0,0
BRDA:169,18,1,1
BRDA:171,19,0,0
BRDA:171,19,1,0
BRDA:171,19,2,0
BRDA:171,19,3,0
BRDA:171,19,4,0
BRDA:171,19,5,0
BRDA:171,19,6,0
BRDA:171,19,7,0
BRDA:171,19,8,0
BRDA:171,19,9,0
BRDA:171,19,10,0
BRDA:171,19,11,0
BRDA:171,19,12,0
BRDA:171,19,13,1
BRDA:171,19,14,1
BRDA:213,20,0,6
BRDA:213,20,1,19
BRDA:213,21,0,25
BRDA:213,21,1,13
BRDA:219,22,0,12
BRDA:219,22,1,13
BRDA:220,23,0,3
BRDA:220,23,1,9
BRDA:231,24,0,0
BRDA:231,24,1,4
BRDA:242,25,0,13
BRDA:242,25,1,0
BRDA:310,26,0,25
BRDA:310,26,1,9
BRDA:317,27,0,25
BRDA:317,27,1,13
BRDA:324,28,0,25
BRDA:324,28,1,3
BRDA:328,29,0,25
BRDA:328,29,1,12
BRDA:328,29,2,9
BRDA:328,29,3,16
BRF:75
BRH:28
end_of_record
TN:
SF:src\components\ui\badge.tsx
FN:28,Badge
FNF:1
FNH:1
FNDA:25,Badge
DA:7,1
DA:35,25
DA:37,25
LF:3
LH:3
BRDA:31,0,0,25
BRDA:35,1,0,0
BRDA:35,1,1,25
BRF:3
BRH:2
end_of_record
TN:
SF:src\components\ui\button.tsx
FN:38,Button
FNF:1
FNH:1
FNDA:41,Button
DA:7,1
DA:48,41
DA:50,41
LF:3
LH:3
BRDA:42,0,0,41
BRDA:48,1,0,0
BRDA:48,1,1,41
BRF:3
BRH:2
end_of_record
TN:
SF:src\components\ui\card.tsx
FN:5,Card
FN:18,CardHeader
FN:31,CardTitle
FN:41,CardDescription
FN:51,CardAction
FN:64,CardContent
FN:74,CardFooter
FNF:7
FNH:1
FNDA:50,Card
FNDA:0,CardHeader
FNDA:0,CardTitle
FNDA:0,CardDescription
FNDA:0,CardAction
FNDA:0,CardContent
FNDA:0,CardFooter
DA:6,50
DA:19,0
DA:32,0
DA:42,0
DA:52,0
DA:65,0
DA:75,0
LF:7
LH:1
BRF:0
BRH:0
end_of_record
TN:
SF:src\lib\utils.ts
FN:4,cn
FNF:1
FNH:1
FNDA:116,cn
DA:5,116
LF:1
LH:1
BRF:0
BRH:0
end_of_record
